This is pdfTeX, Version 3.141592653-2.6-1.40.25 (TeX Live 2023) (preloaded format=pdflatex 2023.8.1)  4 JUN 2026 00:56
entering extended mode
 restricted \write18 enabled.
 %&-line parsing enabled.
**\input ./Rd2.tex \input ./Rd2.tex \input ./Rd2.tex
(./Rd2.tex
(/Users/konda/Library/TinyTeX/texmf-dist/tex/latex/base/book.cls
Document Class: book 2023/05/17 v1.4n Standard LaTeX document class
(/Users/konda/Library/TinyTeX/texmf-dist/tex/latex/base/bk10.clo
File: bk10.clo 2023/05/17 v1.4n Standard LaTeX file (size option)
)
\c@part=\count185
\c@chapter=\count186
\c@section=\count187
\c@subsection=\count188
\c@subsubsection=\count189
\c@paragraph=\count190
\c@subparagraph=\count191
\c@figure=\count192
\c@table=\count193
\abovecaptionskip=\skip48
\belowcaptionskip=\skip49
\bibindent=\dimen140
) (/Library/Frameworks/R.framework/Resources/share/texmf/tex/latex/Rd.sty
Package: Rd 
 (/Users/konda/Library/TinyTeX/texmf-dist/tex/latex/base/ifthen.sty
Package: ifthen 2022/04/13 v1.1d Standard LaTeX ifthen package (DPC)
) (/Users/konda/Library/TinyTeX/texmf-dist/tex/generic/iftex/iftex.sty
Package: iftex 2022/02/03 v1.0f TeX engine tests
) (/Users/konda/Library/TinyTeX/texmf-dist/tex/latex/tools/longtable.sty
Package: longtable 2021-09-01 v4.17 Multi-page Table package (DPC)
\LTleft=\skip50
\LTright=\skip51
\LTpre=\skip52
\LTpost=\skip53
\LTchunksize=\count194
\LTcapwidth=\dimen141
\LT@head=\box51
\LT@firsthead=\box52
\LT@foot=\box53
\LT@lastfoot=\box54
\LT@gbox=\box55
\LT@cols=\count195
\LT@rows=\count196
\c@LT@tables=\count197
\c@LT@chunks=\count198
\LT@p@ftn=\toks17
) (/Users/konda/Library/TinyTeX/texmf-dist/tex/latex/tools/bm.sty
Package: bm 2022/01/05 v1.2f Bold Symbol Support (DPC/FMi)
\symboldoperators=\mathgroup4
\symboldletters=\mathgroup5
\symboldsymbols=\mathgroup6
Package bm Info: No bold for \OMX/cmex/m/n, using \pmb.
LaTeX Font Info:    Redeclaring math alphabet \mathbf on input line 149.
) (/Users/konda/Library/TinyTeX/texmf-dist/tex/latex/base/alltt.sty
Package: alltt 2021/01/29 v2.0g defines alltt environment
) (/Users/konda/Library/TinyTeX/texmf-dist/tex/latex/tools/verbatim.sty
Package: verbatim 2022-07-02 v1.5u LaTeX2e package for verbatim enhancements
\every@verbatim=\toks18
\verbatim@line=\toks19
\verbatim@in@stream=\read2
) (/Users/konda/Library/TinyTeX/texmf-dist/tex/latex/url/url.sty
\Urlmuskip=\muskip16
Package: url 2013/09/16  ver 3.4  Verb mode for urls, etc.
) (/Users/konda/Library/TinyTeX/texmf-dist/tex/latex/base/textcomp.sty
Package: textcomp 2020/02/02 v2.0n Standard LaTeX package
) (/Users/konda/Library/TinyTeX/texmf-dist/tex/latex/amsmath/amsmath.sty
Package: amsmath 2023/05/13 v2.17o AMS math features
\@mathmargin=\skip54

For additional information on amsmath, use the `?' option.
(/Users/konda/Library/TinyTeX/texmf-dist/tex/latex/amsmath/amstext.sty
Package: amstext 2021/08/26 v2.01 AMS text
 (/Users/konda/Library/TinyTeX/texmf-dist/tex/latex/amsmath/amsgen.sty
File: amsgen.sty 1999/11/30 v2.0 generic functions
\@emptytoks=\toks20
\ex@=\dimen142
)) (/Users/konda/Library/TinyTeX/texmf-dist/tex/latex/amsmath/amsbsy.sty
Package: amsbsy 1999/11/29 v1.2d Bold Symbols
LaTeX Info: Redefining \boldsymbol on input line 28.
\pmbraise@=\dimen143
) (/Users/konda/Library/TinyTeX/texmf-dist/tex/latex/amsmath/amsopn.sty
Package: amsopn 2022/04/08 v2.04 operator names
)
\inf@bad=\count199
LaTeX Info: Redefining \frac on input line 234.
\uproot@=\count266
\leftroot@=\count267
LaTeX Info: Redefining \overline on input line 399.
LaTeX Info: Redefining \colon on input line 410.
\classnum@=\count268
\DOTSCASE@=\count269
LaTeX Info: Redefining \ldots on input line 496.
LaTeX Info: Redefining \dots on input line 499.
LaTeX Info: Redefining \cdots on input line 620.
\Mathstrutbox@=\box56
\strutbox@=\box57
LaTeX Info: Redefining \big on input line 722.
LaTeX Info: Redefining \Big on input line 723.
LaTeX Info: Redefining \bigg on input line 724.
LaTeX Info: Redefining \Bigg on input line 725.
\big@size=\dimen144
LaTeX Font Info:    Redeclaring font encoding OML on input line 743.
LaTeX Font Info:    Redeclaring font encoding OMS on input line 744.
\macc@depth=\count270
LaTeX Info: Redefining \bmod on input line 905.
LaTeX Info: Redefining \pmod on input line 910.
LaTeX Info: Redefining \smash on input line 940.
LaTeX Info: Redefining \relbar on input line 970.
LaTeX Info: Redefining \Relbar on input line 971.
\c@MaxMatrixCols=\count271
\dotsspace@=\muskip17
\c@parentequation=\count272
\dspbrk@lvl=\count273
\tag@help=\toks21
\row@=\count274
\column@=\count275
\maxfields@=\count276
\andhelp@=\toks22
\eqnshift@=\dimen145
\alignsep@=\dimen146
\tagshift@=\dimen147
\tagwidth@=\dimen148
\totwidth@=\dimen149
\lineht@=\dimen150
\@envbody=\toks23
\multlinegap=\skip55
\multlinetaggap=\skip56
\mathdisplay@stack=\toks24
LaTeX Info: Redefining \[ on input line 2953.
LaTeX Info: Redefining \] on input line 2954.
) (/Users/konda/Library/TinyTeX/texmf-dist/tex/latex/amsfonts/amsfonts.sty
Package: amsfonts 2013/01/14 v3.01 Basic AMSFonts support
\symAMSa=\mathgroup7
\symAMSb=\mathgroup8
LaTeX Font Info:    Redeclaring math symbol \hbar on input line 98.
LaTeX Font Info:    Overwriting math alphabet `\mathfrak' in version `bold'
(Font)                  U/euf/m/n --> U/euf/b/n on input line 106.
) (/Users/konda/Library/TinyTeX/texmf-dist/tex/latex/amsfonts/amssymb.sty
Package: amssymb 2013/01/14 v3.01 AMS font symbols
) (/Users/konda/Library/TinyTeX/texmf-dist/tex/latex/jknapltx/mathrsfs.sty
Package: mathrsfs 1996/01/01 Math RSFS package v1.0 (jk)
\symrsfs=\mathgroup9
)
\ldescriptionwidth=\skip57
 (/Users/konda/Library/TinyTeX/texmf-dist/tex/latex/base/fontenc.sty
Package: fontenc 2021/04/29 v2.0v Standard LaTeX package
) (/Users/konda/Library/TinyTeX/texmf-dist/tex/latex/psnfss/times.sty
Package: times 2020/03/25 PSNFSS-v9.3 (SPQR) 
) (/Users/konda/Library/TinyTeX/texmf-dist/tex/latex/inconsolata/zi4.sty
Package: zi4 2019/05/17 v1.12
 `inconsolata-zi4' v1.12, 2019/05/17 Text macros for Inconsolata (msharpe) (/Users/konda/Library/TinyTeX/texmf-dist/tex/latex/xkeyval/xkeyval.sty
Package: xkeyval 2022/06/16 v2.9 package option processing (HA)
 (/Users/konda/Library/TinyTeX/texmf-dist/tex/generic/xkeyval/xkeyval.tex (/Users/konda/Library/TinyTeX/texmf-dist/tex/generic/xkeyval/xkvutils.tex
\XKV@toks=\toks25
\XKV@tempa@toks=\toks26
 (/Users/konda/Library/TinyTeX/texmf-dist/tex/generic/xkeyval/keyval.tex))
\XKV@depth=\count277
File: xkeyval.tex 2014/12/03 v2.7a key=value parser (HA)
))
\zifour@ocount=\count278
) (/Users/konda/Library/TinyTeX/texmf-dist/tex/latex/graphics/color.sty
Package: color 2022/01/06 v1.3d Standard LaTeX Color (DPC)
 (/Users/konda/Library/TinyTeX/texmf-dist/tex/latex/graphics-cfg/color.cfg
File: color.cfg 2016/01/02 v1.6 sample color configuration
)
Package color Info: Driver file: pdftex.def on input line 149.
 (/Users/konda/Library/TinyTeX/texmf-dist/tex/latex/graphics-def/pdftex.def
File: pdftex.def 2022/09/22 v1.2b Graphics/color driver for pdftex
) (/Users/konda/Library/TinyTeX/texmf-dist/tex/latex/graphics/mathcolor.ltx)) (/Users/konda/Library/TinyTeX/texmf-dist/tex/latex/hyperref/hyperref.sty
Package: hyperref 2023-07-08 v7.01b Hypertext links for LaTeX
 (/Users/konda/Library/TinyTeX/texmf-dist/tex/generic/ltxcmds/ltxcmds.sty
Package: ltxcmds 2020-05-10 v1.25 LaTeX kernel commands for general use (HO)
) (/Users/konda/Library/TinyTeX/texmf-dist/tex/generic/pdftexcmds/pdftexcmds.sty
Package: pdftexcmds 2020-06-27 v0.33 Utility functions of pdfTeX for LuaTeX (HO)
 (/Users/konda/Library/TinyTeX/texmf-dist/tex/generic/infwarerr/infwarerr.sty
Package: infwarerr 2019/12/03 v1.5 Providing info/warning/error messages (HO)
)
Package pdftexcmds Info: \pdf@primitive is available.
Package pdftexcmds Info: \pdf@ifprimitive is available.
Package pdftexcmds Info: \pdfdraftmode found.
) (/Users/konda/Library/TinyTeX/texmf-dist/tex/latex/kvsetkeys/kvsetkeys.sty
Package: kvsetkeys 2022-10-05 v1.19 Key value parser (HO)
) (/Users/konda/Library/TinyTeX/texmf-dist/tex/generic/kvdefinekeys/kvdefinekeys.sty
Package: kvdefinekeys 2019-12-19 v1.6 Define keys (HO)
) (/Users/konda/Library/TinyTeX/texmf-dist/tex/generic/pdfescape/pdfescape.sty
Package: pdfescape 2019/12/09 v1.15 Implements pdfTeX's escape features (HO)
) (/Users/konda/Library/TinyTeX/texmf-dist/tex/latex/hycolor/hycolor.sty
Package: hycolor 2020-01-27 v1.10 Color options for hyperref/bookmark (HO)
) (/Users/konda/Library/TinyTeX/texmf-dist/tex/latex/letltxmacro/letltxmacro.sty
Package: letltxmacro 2019/12/03 v1.6 Let assignment for LaTeX macros (HO)
) (/Users/konda/Library/TinyTeX/texmf-dist/tex/latex/auxhook/auxhook.sty
Package: auxhook 2019-12-17 v1.6 Hooks for auxiliary files (HO)
) (/Users/konda/Library/TinyTeX/texmf-dist/tex/latex/hyperref/nameref.sty
Package: nameref 2023-08-07 v2.53 Cross-referencing by name of section
 (/Users/konda/Library/TinyTeX/texmf-dist/tex/latex/refcount/refcount.sty
Package: refcount 2019/12/15 v3.6 Data extraction from label references (HO)
) (/Users/konda/Library/TinyTeX/texmf-dist/tex/generic/gettitlestring/gettitlestring.sty
Package: gettitlestring 2019/12/15 v1.6 Cleanup title references (HO)
 (/Users/konda/Library/TinyTeX/texmf-dist/tex/latex/kvoptions/kvoptions.sty
Package: kvoptions 2022-06-15 v3.15 Key value format for package options (HO)
))
\c@section@level=\count279
) (/Users/konda/Library/TinyTeX/texmf-dist/tex/latex/etoolbox/etoolbox.sty
Package: etoolbox 2020/10/05 v2.5k e-TeX tools for LaTeX (JAW)
\etb@tempcnta=\count280
)
\@linkdim=\dimen151
\Hy@linkcounter=\count281
\Hy@pagecounter=\count282
 (/Users/konda/Library/TinyTeX/texmf-dist/tex/latex/hyperref/pd1enc.def
File: pd1enc.def 2023-07-08 v7.01b Hyperref: PDFDocEncoding definition (HO)
Now handling font encoding PD1 ...
... no UTF-8 mapping file for font encoding PD1
) (/Users/konda/Library/TinyTeX/texmf-dist/tex/generic/intcalc/intcalc.sty
Package: intcalc 2019/12/15 v1.3 Expandable calculations with integers (HO)
)
\Hy@SavedSpaceFactor=\count283
 (/Users/konda/Library/TinyTeX/texmf-dist/tex/latex/hyperref/puenc.def
File: puenc.def 2023-07-08 v7.01b Hyperref: PDF Unicode definition (HO)
Now handling font encoding PU ...
... no UTF-8 mapping file for font encoding PU
)
Package hyperref Info: Hyper figures OFF on input line 4167.
Package hyperref Info: Link nesting OFF on input line 4172.
Package hyperref Info: Hyper index ON on input line 4175.
Package hyperref Info: Plain pages OFF on input line 4182.
Package hyperref Info: Backreferencing OFF on input line 4187.
Package hyperref Info: Implicit mode ON; LaTeX internals redefined.
Package hyperref Info: Bookmarks ON on input line 4434.
\c@Hy@tempcnt=\count284
LaTeX Info: Redefining \url on input line 4772.
\XeTeXLinkMargin=\dimen152
 (/Users/konda/Library/TinyTeX/texmf-dist/tex/generic/bitset/bitset.sty
Package: bitset 2019/12/09 v1.3 Handle bit-vector datatype (HO)
 (/Users/konda/Library/TinyTeX/texmf-dist/tex/generic/bigintcalc/bigintcalc.sty
Package: bigintcalc 2019/12/15 v1.5 Expandable calculations on big integers (HO)
))
\Fld@menulength=\count285
\Field@Width=\dimen153
\Fld@charsize=\dimen154
Package hyperref Info: Hyper figures OFF on input line 6051.
Package hyperref Info: Link nesting OFF on input line 6056.
Package hyperref Info: Hyper index ON on input line 6059.
Package hyperref Info: backreferencing OFF on input line 6066.
Package hyperref Info: Link coloring OFF on input line 6071.
Package hyperref Info: Link coloring with OCG OFF on input line 6076.
Package hyperref Info: PDF/A mode OFF on input line 6081.
 (/Users/konda/Library/TinyTeX/texmf-dist/tex/latex/base/atbegshi-ltx.sty
Package: atbegshi-ltx 2021/01/10 v1.0c Emulation of the original atbegshi
package with kernel methods
)
\Hy@abspage=\count286
\c@Item=\count287
\c@Hfootnote=\count288
)
Package hyperref Info: Driver (autodetected): hpdftex.
 (/Users/konda/Library/TinyTeX/texmf-dist/tex/latex/hyperref/hpdftex.def
File: hpdftex.def 2023-07-08 v7.01b Hyperref driver for pdfTeX
 (/Users/konda/Library/TinyTeX/texmf-dist/tex/latex/base/atveryend-ltx.sty
Package: atveryend-ltx 2020/08/19 v1.0a Emulation of the original atveryend package
with kernel methods
)
\Fld@listcount=\count289
\c@bookmark@seq@number=\count290
 (/Users/konda/Library/TinyTeX/texmf-dist/tex/latex/rerunfilecheck/rerunfilecheck.sty
Package: rerunfilecheck 2022-07-10 v1.10 Rerun checks for auxiliary files (HO)
 (/Users/konda/Library/TinyTeX/texmf-dist/tex/generic/uniquecounter/uniquecounter.sty
Package: uniquecounter 2019/12/15 v1.4 Provide unlimited unique counter (HO)
)
Package uniquecounter Info: New unique counter `rerunfilecheck' on input line 285.
)
\Hy@SectionHShift=\skip58
)
Package hyperref Info: Option `colorlinks' set `true' on input line 413.
Package hyperref Info: Option `linktocpage' set `true' on input line 413.
Package hyperref Info: Option `plainpages' set `false' on input line 413.
) (/Users/konda/Library/TinyTeX/texmf-dist/tex/latex/base/makeidx.sty
Package: makeidx 2021/10/04 v1.0m Standard LaTeX package
)
\@indexfile=\write3
\openout3 = `Rd2.idx'.


Writing index file Rd2.idx
LaTeX Font Info:    Trying to load font information for T1+ptm on input line 8.
(/Users/konda/Library/TinyTeX/texmf-dist/tex/latex/psnfss/t1ptm.fd
File: t1ptm.fd 2001/06/04 font definitions for T1/ptm.
) (/Users/konda/Library/TinyTeX/texmf-dist/tex/latex/l3backend/l3backend-pdftex.def
File: l3backend-pdftex.def 2023-04-19 L3 backend support: PDF output (pdfTeX)
\l__color_backend_stack_int=\count291
\l__pdf_internal_box=\box58
) (/private/var/folders/qf/2ppc493d10d9p3ppg6085l9h0000gn/T/RtmpDlHMbV/Rd2pdf15e943011e1d0/Rd2.aux)
\openout1 = `Rd2.aux'.

LaTeX Font Info:    Checking defaults for OML/cmm/m/it on input line 8.
LaTeX Font Info:    ... okay on input line 8.
LaTeX Font Info:    Checking defaults for OMS/cmsy/m/n on input line 8.
LaTeX Font Info:    ... okay on input line 8.
LaTeX Font Info:    Checking defaults for OT1/cmr/m/n on input line 8.
LaTeX Font Info:    ... okay on input line 8.
LaTeX Font Info:    Checking defaults for T1/cmr/m/n on input line 8.
LaTeX Font Info:    ... okay on input line 8.
LaTeX Font Info:    Checking defaults for TS1/cmr/m/n on input line 8.
LaTeX Font Info:    ... okay on input line 8.
LaTeX Font Info:    Checking defaults for OMX/cmex/m/n on input line 8.
LaTeX Font Info:    ... okay on input line 8.
LaTeX Font Info:    Checking defaults for U/cmr/m/n on input line 8.
LaTeX Font Info:    ... okay on input line 8.
LaTeX Font Info:    Checking defaults for PD1/pdf/m/n on input line 8.
LaTeX Font Info:    ... okay on input line 8.
LaTeX Font Info:    Checking defaults for PU/pdf/m/n on input line 8.
LaTeX Font Info:    ... okay on input line 8.
Package hyperref Info: Link coloring ON on input line 8.
 (/private/var/folders/qf/2ppc493d10d9p3ppg6085l9h0000gn/T/RtmpDlHMbV/Rd2pdf15e943011e1d0/Rd2.out) (/private/var/folders/qf/2ppc493d10d9p3ppg6085l9h0000gn/T/RtmpDlHMbV/Rd2pdf15e943011e1d0/Rd2.out)
\@outlinefile=\write4
\openout4 = `Rd2.out'.

LaTeX Font Info:    Trying to load font information for TS1+ptm on input line 29.
 (/Users/konda/Library/TinyTeX/texmf-dist/tex/latex/psnfss/ts1ptm.fd
File: ts1ptm.fd 2001/06/04 font definitions for TS1/ptm.
)
LaTeX Font Info:    Trying to load font information for T1+zi4 on input line 31.
 (/Users/konda/Library/TinyTeX/texmf-dist/tex/latex/inconsolata/t1zi4.fd
File: t1zi4.fd 2018/01/14 T1/zi4 (Inconsolata)
)
LaTeX Font Info:    Font shape `T1/zi4/m/n' will be
(Font)              scaled to size 10.0pt on input line 31.
LaTeX Font Info:    Trying to load font information for U+msa on input line 31.
 (/Users/konda/Library/TinyTeX/texmf-dist/tex/latex/amsfonts/umsa.fd
File: umsa.fd 2013/01/14 v3.01 AMS symbols A
)
LaTeX Font Info:    Trying to load font information for U+msb on input line 31.
 (/Users/konda/Library/TinyTeX/texmf-dist/tex/latex/amsfonts/umsb.fd
File: umsb.fd 2013/01/14 v3.01 AMS symbols B
)
LaTeX Font Info:    Trying to load font information for U+rsfs on input line 31.
 (/Users/konda/Library/TinyTeX/texmf-dist/tex/latex/jknapltx/ursfs.fd
File: ursfs.fd 1998/03/24 rsfs font definition file (jk)
) (/private/var/folders/qf/2ppc493d10d9p3ppg6085l9h0000gn/T/RtmpDlHMbV/Rd2pdf15e943011e1d0/Rd2.toc [1


{/Users/konda/Library/TinyTeX/texmf-var/fonts/map/pdftex/updmap/pdftex.map}{/Users/konda/Library/TinyTeX/texmf-dist/fonts/enc/dvips/base/8r.enc}{/Users/konda/Library/TinyTeX/texmf-dist/fonts/enc/dvips/inconsolata/i4-t1-0.enc}])
\tf@toc=\write5
\openout5 = `Rd2.toc'.


Overfull \hbox (20.6802pt too wide) in paragraph at lines 77--80
[]\T1/ptm/m/n/10 Pull data with [][][]\T1/zi4/m/n/10 edr_locations()[][][] []\T1/ptm/m/n/10 / [][][]\T1/zi4/m/n/10 edr_location()[][][][]\T1/ptm/m/n/10 , [][][]\T1/zi4/m/n/10 edr_cube()[][][][]\T1/ptm/m/n/10 , [][][]\T1/zi4/m/n/10 edr_area()[][][][]\T1/ptm/m/n/10 , [][][]\T1/zi4/m/n/10 edr_position()[][][][]\T1/ptm/m/n/10 ,
 []

[2] [3]
Overfull \hbox (18.9797pt too wide) in paragraph at lines 171--173
[]\T1/ptm/m/n/10 ISO-8601 in-stant or in-ter-val, e.g. []\T1/zi4/m/n/10 "2024-01-01/2024-12-31" []\T1/ptm/m/n/10 or []\T1/zi4/m/n/10 "2024-01-01/.."[]\T1/ptm/m/n/10 . 
 []


Overfull \hbox (59.15031pt too wide) in paragraph at lines 209--217
\T1/ptm/m/n/10 ter Datahub[][] at []\T1/zi4/m/n/10 "https://api.wwdh.internetofwater.app"[]\T1/ptm/m/n/10 , or []\T1/zi4/m/n/10 "http://localhost:5005"
 []

[4]
Overfull \hbox (138.9694pt too wide) in paragraph at lines 218--220
[]\T1/ptm/m/n/10 String sent in the []\T1/zi4/m/n/10 User-Agent []\T1/ptm/m/n/10 header. De-faults to []\T1/zi4/m/n/10 "edr4r/<version> (+https://github.com/ksonda/edr4r)"[]\T1/ptm/m/n/10 . 
 []


Overfull \hbox (37.57855pt too wide) in paragraph at lines 227--229
[]\T1/ptm/m/n/10 Named char-ac-ter vec-tor of ex-tra head-ers at-tached to ev-ery re-quest (e.g. []\T1/zi4/m/n/10 c(Authorization
 []

LaTeX Font Info:    Font shape `T1/zi4/m/n' will be
(Font)              scaled to size 9.0pt on input line 240.

Overfull \hbox (3.14883pt too wide) in paragraph at lines 261--263
[]\T1/ptm/m/n/10 Collection iden-ti-fier as ad-ver-tised by the server -- e.g. []\T1/zi4/m/n/10 "monitoring-locations"
 []

[5] [6]
Overfull \hbox (18.9797pt too wide) in paragraph at lines 356--358
[]\T1/ptm/m/n/10 ISO-8601 in-stant or in-ter-val, e.g. []\T1/zi4/m/n/10 "2024-01-01/2024-12-31" []\T1/ptm/m/n/10 or []\T1/zi4/m/n/10 "2024-01-01/.."[]\T1/ptm/m/n/10 . 
 []

[7]
Overfull \hbox (18.9797pt too wide) in paragraph at lines 401--403
[]\T1/ptm/m/n/10 ISO-8601 in-stant or in-ter-val, e.g. []\T1/zi4/m/n/10 "2024-01-01/2024-12-31" []\T1/ptm/m/n/10 or []\T1/zi4/m/n/10 "2024-01-01/.."[]\T1/ptm/m/n/10 . 
 []


Overfull \hbox (3.6586pt too wide) in paragraph at lines 419--424
\T1/ptm/m/n/10 quest via [][][]\T1/zi4/m/n/10 edr_cube()[][][] []\T1/ptm/m/n/10 or [][][]\T1/zi4/m/n/10 edr_area()[][][] []\T1/ptm/m/n/10 when the col-lec-tion sup-ports it, and hands the lot to [][][]\T1/zi4/m/n/10 edr_map()[][][]
 []

[8]
Overfull \hbox (28.78978pt too wide) in paragraph at lines 460--462
[]\T1/ptm/m/n/10 Point co-ords for []\T1/zi4/m/n/10 position[]\T1/ptm/m/n/10 , or poly-gon co-ords for []\T1/zi4/m/n/10 area[]\T1/ptm/m/n/10 . For-warded to [][][]\T1/zi4/m/n/10 edr_position()[][][]
 []


Overfull \hbox (26.30829pt too wide) in paragraph at lines 465--467
[]\T1/ptm/m/n/10 Character vec-tor of pa-ram-e-ter ids; for-warded to the data fetch. Use [][][]\T1/zi4/m/n/10 edr_parameters()[][][]
 []


Overfull \hbox (0.61777pt too wide) in paragraph at lines 500--502
[]\T1/ptm/m/n/10 The de-fault []\T1/zi4/m/n/10 method = "auto" []\T1/ptm/m/n/10 picks the cheap-est route the col-lec-tion ad-ver-tises in its []\T1/zi4/m/n/10 data_queries[]\T1/ptm/m/n/10 : 
 []

[9] [10]
Overfull \hbox (18.9797pt too wide) in paragraph at lines 582--584
[]\T1/ptm/m/n/10 ISO-8601 in-stant or in-ter-val, e.g. []\T1/zi4/m/n/10 "2024-01-01/2024-12-31" []\T1/ptm/m/n/10 or []\T1/zi4/m/n/10 "2024-01-01/.."[]\T1/ptm/m/n/10 . 
 []

[11]
Overfull \hbox (18.9797pt too wide) in paragraph at lines 653--655
[]\T1/ptm/m/n/10 ISO-8601 in-stant or in-ter-val, e.g. []\T1/zi4/m/n/10 "2024-01-01/2024-12-31" []\T1/ptm/m/n/10 or []\T1/zi4/m/n/10 "2024-01-01/.."[]\T1/ptm/m/n/10 . 
 []

[12]
Overfull \hbox (18.9797pt too wide) in paragraph at lines 701--703
[]\T1/ptm/m/n/10 ISO-8601 in-stant or in-ter-val, e.g. []\T1/zi4/m/n/10 "2024-01-01/2024-12-31" []\T1/ptm/m/n/10 or []\T1/zi4/m/n/10 "2024-01-01/.."[]\T1/ptm/m/n/10 . 
 []


Overfull \hbox (22.8477pt too wide) in paragraph at lines 718--721
[]\T1/ptm/m/n/10 When the server re-turns Geo-J-SON, an []\T1/zi4/m/n/10 sf []\T1/ptm/m/n/10 ob-ject if the []\T1/zi4/m/n/10 sf []\T1/ptm/m/n/10 pack-age is in-stalled, oth-er-wise an []\T1/zi4/m/n/10 edr_response
 []

[13]
Overfull \hbox (21.55923pt too wide) in paragraph at lines 762--765
\T1/ptm/m/n/10 or tidy cov-er-age data from [][][]\T1/zi4/m/n/10 covjson_to_tibble()[][][] []\T1/ptm/m/n/10 / a Cov-er-age-J-SON []\T1/zi4/m/n/10 edr_response[]\T1/ptm/m/n/10 . 
 []

[14]
Overfull \hbox (31.96861pt too wide) in paragraph at lines 827--829
[]\T1/ptm/m/n/10 Named list of ini-tial coverage-map se-lec-tions, e.g. []\T1/zi4/m/n/10 list(parameter = "temperature",
 []

[15]
Overfull \hbox (3.14883pt too wide) in paragraph at lines 877--879
[]\T1/ptm/m/n/10 Collection iden-ti-fier as ad-ver-tised by the server -- e.g. []\T1/zi4/m/n/10 "monitoring-locations"
 []


Overfull \hbox (3.57863pt too wide) in paragraph at lines 890--893
[]\T1/ptm/m/n/10 A tib-ble with one row per pa-ram-e-ter. Columns: []\T1/zi4/m/n/10 id[]\T1/ptm/m/n/10 , []\T1/zi4/m/n/10 name[]\T1/ptm/m/n/10 , []\T1/zi4/m/n/10 description[]\T1/ptm/m/n/10 , []\T1/zi4/m/n/10 unit_symbol[]\T1/ptm/m/n/10 , []\T1/zi4/m/n/10 unit_label[]\T1/ptm/m/n/10 ,
 []


Overfull \hbox (26.22949pt too wide) in paragraph at lines 897--900
[]\T1/ptm/m/n/10 Convenience wrap-per around [][][]\T1/zi4/m/n/10 ggplot2::ggplot()[][][] []\T1/ptm/m/n/10 for the long tib-ble re-turned by [][][]\T1/zi4/m/n/10 covjson_to_tibble()[][][][]\T1/ptm/m/n/10 .
 []


Overfull \hbox (18.25972pt too wide) in paragraph at lines 919--922
[]\T1/ptm/m/n/10 Either a tidy tib-ble from [][][]\T1/zi4/m/n/10 covjson_to_tibble()[][][] []\T1/ptm/m/n/10 or an []\T1/zi4/m/n/10 edr_response []\T1/ptm/m/n/10 / []\T1/zi4/m/n/10 edr_covjson
 []

[16]
Overfull \hbox (12.80832pt too wide) in paragraph at lines 942--946
\T1/ptm/m/n/10 vary-ing []\T1/zi4/m/n/10 z[]\T1/ptm/m/n/10 , and oth-er-wise falls back to a time-series view. Set to []\T1/zi4/m/n/10 "time"[]\T1/ptm/m/n/10 , []\T1/zi4/m/n/10 "profile"[]\T1/ptm/m/n/10 ,
 []

[17]
Overfull \hbox (18.9797pt too wide) in paragraph at lines 998--1000
[]\T1/ptm/m/n/10 ISO-8601 in-stant or in-ter-val, e.g. []\T1/zi4/m/n/10 "2024-01-01/2024-12-31" []\T1/ptm/m/n/10 or []\T1/zi4/m/n/10 "2024-01-01/.."[]\T1/ptm/m/n/10 . 
 []


Overfull \hbox (3.14883pt too wide) in paragraph at lines 1034--1036
[]\T1/ptm/m/n/10 Collection iden-ti-fier as ad-ver-tised by the server -- e.g. []\T1/zi4/m/n/10 "monitoring-locations"
 []

[18]
Overfull \hbox (18.9797pt too wide) in paragraph at lines 1079--1081
[]\T1/ptm/m/n/10 ISO-8601 in-stant or in-ter-val, e.g. []\T1/zi4/m/n/10 "2024-01-01/2024-12-31" []\T1/ptm/m/n/10 or []\T1/zi4/m/n/10 "2024-01-01/.."[]\T1/ptm/m/n/10 . 
 []


Overfull \hbox (20.46819pt too wide) in paragraph at lines 1097--1101
[]\T1/ptm/m/n/10 Generally you should not need to call this di-rectly: the high-level verbs ([][][]\T1/zi4/m/n/10 edr_locations()[][][][]\T1/ptm/m/n/10 , [][][]\T1/zi4/m/n/10 edr_area()[][][][]\T1/ptm/m/n/10 ,
 []

[19]
Overfull \hbox (146.66826pt too wide) in paragraph at lines 1119--1121
[]\T1/ptm/m/n/10 Path un-der the base URL (with or with-out lead-ing slash), e.g. []\T1/zi4/m/n/10 "collections/monitoring-locations/locations"[]\T1/ptm/m/n/10 . 
 []

[20]
Overfull \hbox (18.9797pt too wide) in paragraph at lines 1202--1204
[]\T1/ptm/m/n/10 ISO-8601 in-stant or in-ter-val, e.g. []\T1/zi4/m/n/10 "2024-01-01/2024-12-31" []\T1/ptm/m/n/10 or []\T1/zi4/m/n/10 "2024-01-01/.."[]\T1/ptm/m/n/10 . 
 []

[21] (/private/var/folders/qf/2ppc493d10d9p3ppg6085l9h0000gn/T/RtmpDlHMbV/Rd2pdf15e943011e1d0/Rd2.ind [22]

LaTeX Font Warning: Font shape `T1/zi4/m/it' undefined
(Font)              using `T1/zi4/m/n' instead on input line 15.

LaTeX Font Info:    Font shape `T1/zi4/m/it' will be
(Font)              scaled to size 10.0pt on input line 39.
[23

]) (/private/var/folders/qf/2ppc493d10d9p3ppg6085l9h0000gn/T/RtmpDlHMbV/Rd2pdf15e943011e1d0/Rd2.aux)
 ***********
LaTeX2e <2023-06-01> patch level 1
L3 programming layer <2023-06-30>
 ***********


LaTeX Font Warning: Some font shapes were not available, defaults substituted.

Package rerunfilecheck Info: File `Rd2.out' has not changed.
(rerunfilecheck)             Checksum: B8B1ADA676F56C67A5D2E9FBAD2322A4;2934.
 ) 
Here is how much of TeX's memory you used:
 10431 strings out of 477177
 159496 string characters out of 5812136
 1932244 words of memory out of 5000000
 31073 multiletter control sequences out of 15000+600000
 591936 words of font info for 79 fonts, out of 8000000 for 9000
 14 hyphenation exceptions out of 8191
 92i,6n,95p,296b,694s stack positions out of 10000i,1000n,20000p,200000b,200000s

pdfTeX warning (dest): name{Rfn.htmlwidgets::saveWidget\(\)} has been referenced but does not exist, replaced by a fixed one


pdfTeX warning (dest): name{Rfn.ggplot2::ggplot\(\)} has been referenced but does not exist, replaced by a fixed one


pdfTeX warning (dest): name{Rfn.leaflet::leaflet} has been referenced but does not exist, replaced by a fixed one

</Users/konda/Library/TinyTeX/texmf-dist/fonts/type1/public/inconsolata/Inconsolata-zi4r.pfb></Users/konda/Library/TinyTeX/texmf-dist/fonts/type1/public/amsfonts/cm/cmsy10.pfb></Users/konda/Library/TinyTeX/texmf-dist/fonts/type1/urw/times/utmb8a.pfb></Users/konda/Library/TinyTeX/texmf-dist/fonts/type1/urw/times/utmr8a.pfb></Users/konda/Library/TinyTeX/texmf-dist/fonts/type1/urw/times/utmr8a.pfb></Users/konda/Library/TinyTeX/texmf-dist/fonts/type1/urw/times/utmri8a.pfb>
Output written on Rd2.pdf (23 pages, 143525 bytes).
PDF statistics:
 580 PDF objects out of 1000 (max. 8388607)
 537 compressed objects within 6 object streams
 178 named destinations out of 1000 (max. 500000)
 201 words of extra memory for PDF output out of 10000 (max. 10000000)

