Hmm ... looks like a package
Converting parsed Rd's to LaTeX ..
Creating pdf output from LaTeX ...

This is pdfTeX, Version 3.141592653-2.6-1.40.25 (TeX Live 2023) (preloaded format=pdflatex)
 restricted \write18 enabled.
entering extended mode
LaTeX2e <2023-06-01> patch level 1
L3 programming layer <2023-06-30>
(./Rd2.tex
(/Users/konda/Library/TinyTeX/texmf-dist/tex/latex/base/book.cls
Document Class: book 2023/05/17 v1.4n Standard LaTeX document class
(/Users/konda/Library/TinyTeX/texmf-dist/tex/latex/base/bk10.clo)) (/Library/Frameworks/R.framework/Resources/share/texmf/tex/latex/Rd.sty (/Users/konda/Library/TinyTeX/texmf-dist/tex/latex/base/ifthen.sty) (/Users/konda/Library/TinyTeX/texmf-dist/tex/generic/iftex/iftex.sty) (/Users/konda/Library/TinyTeX/texmf-dist/tex/latex/tools/longtable.sty) (/Users/konda/Library/TinyTeX/texmf-dist/tex/latex/tools/bm.sty) (/Users/konda/Library/TinyTeX/texmf-dist/tex/latex/base/alltt.sty) (/Users/konda/Library/TinyTeX/texmf-dist/tex/latex/tools/verbatim.sty) (/Users/konda/Library/TinyTeX/texmf-dist/tex/latex/url/url.sty) (/Users/konda/Library/TinyTeX/texmf-dist/tex/latex/base/textcomp.sty) (/Users/konda/Library/TinyTeX/texmf-dist/tex/latex/amsmath/amsmath.sty
For additional information on amsmath, use the `?' option.
(/Users/konda/Library/TinyTeX/texmf-dist/tex/latex/amsmath/amstext.sty (/Users/konda/Library/TinyTeX/texmf-dist/tex/latex/amsmath/amsgen.sty)) (/Users/konda/Library/TinyTeX/texmf-dist/tex/latex/amsmath/amsbsy.sty) (/Users/konda/Library/TinyTeX/texmf-dist/tex/latex/amsmath/amsopn.sty)) (/Users/konda/Library/TinyTeX/texmf-dist/tex/latex/amsfonts/amsfonts.sty) (/Users/konda/Library/TinyTeX/texmf-dist/tex/latex/amsfonts/amssymb.sty) (/Users/konda/Library/TinyTeX/texmf-dist/tex/latex/jknapltx/mathrsfs.sty) (/Users/konda/Library/TinyTeX/texmf-dist/tex/latex/base/fontenc.sty) (/Users/konda/Library/TinyTeX/texmf-dist/tex/latex/psnfss/times.sty) (/Users/konda/Library/TinyTeX/texmf-dist/tex/latex/inconsolata/zi4.sty `inconsolata-zi4' v1.12, 2019/05/17 Text macros for Inconsolata (msharpe) (/Users/konda/Library/TinyTeX/texmf-dist/tex/latex/xkeyval/xkeyval.sty (/Users/konda/Library/TinyTeX/texmf-dist/tex/generic/xkeyval/xkeyval.tex (/Users/konda/Library/TinyTeX/texmf-dist/tex/generic/xkeyval/xkvutils.tex (/Users/konda/Library/TinyTeX/texmf-dist/tex/generic/xkeyval/keyval.tex))))) (/Users/konda/Library/TinyTeX/texmf-dist/tex/latex/graphics/color.sty (/Users/konda/Library/TinyTeX/texmf-dist/tex/latex/graphics-cfg/color.cfg) (/Users/konda/Library/TinyTeX/texmf-dist/tex/latex/graphics-def/pdftex.def) (/Users/konda/Library/TinyTeX/texmf-dist/tex/latex/graphics/mathcolor.ltx)) (/Users/konda/Library/TinyTeX/texmf-dist/tex/latex/hyperref/hyperref.sty (/Users/konda/Library/TinyTeX/texmf-dist/tex/generic/ltxcmds/ltxcmds.sty) (/Users/konda/Library/TinyTeX/texmf-dist/tex/generic/pdftexcmds/pdftexcmds.sty (/Users/konda/Library/TinyTeX/texmf-dist/tex/generic/infwarerr/infwarerr.sty)) (/Users/konda/Library/TinyTeX/texmf-dist/tex/latex/kvsetkeys/kvsetkeys.sty) (/Users/konda/Library/TinyTeX/texmf-dist/tex/generic/kvdefinekeys/kvdefinekeys.sty) (/Users/konda/Library/TinyTeX/texmf-dist/tex/generic/pdfescape/pdfescape.sty) (/Users/konda/Library/TinyTeX/texmf-dist/tex/latex/hycolor/hycolor.sty) (/Users/konda/Library/TinyTeX/texmf-dist/tex/latex/letltxmacro/letltxmacro.sty) (/Users/konda/Library/TinyTeX/texmf-dist/tex/latex/auxhook/auxhook.sty) (/Users/konda/Library/TinyTeX/texmf-dist/tex/latex/hyperref/nameref.sty (/Users/konda/Library/TinyTeX/texmf-dist/tex/latex/refcount/refcount.sty) (/Users/konda/Library/TinyTeX/texmf-dist/tex/generic/gettitlestring/gettitlestring.sty (/Users/konda/Library/TinyTeX/texmf-dist/tex/latex/kvoptions/kvoptions.sty))) (/Users/konda/Library/TinyTeX/texmf-dist/tex/latex/etoolbox/etoolbox.sty) (/Users/konda/Library/TinyTeX/texmf-dist/tex/latex/hyperref/pd1enc.def) (/Users/konda/Library/TinyTeX/texmf-dist/tex/generic/intcalc/intcalc.sty) (/Users/konda/Library/TinyTeX/texmf-dist/tex/latex/hyperref/puenc.def) (/Users/konda/Library/TinyTeX/texmf-dist/tex/generic/bitset/bitset.sty (/Users/konda/Library/TinyTeX/texmf-dist/tex/generic/bigintcalc/bigintcalc.sty)) (/Users/konda/Library/TinyTeX/texmf-dist/tex/latex/base/atbegshi-ltx.sty)) (/Users/konda/Library/TinyTeX/texmf-dist/tex/latex/hyperref/hpdftex.def (/Users/konda/Library/TinyTeX/texmf-dist/tex/latex/base/atveryend-ltx.sty) (/Users/konda/Library/TinyTeX/texmf-dist/tex/latex/rerunfilecheck/rerunfilecheck.sty (/Users/konda/Library/TinyTeX/texmf-dist/tex/generic/uniquecounter/uniquecounter.sty)))) (/Users/konda/Library/TinyTeX/texmf-dist/tex/latex/base/makeidx.sty)
Writing index file Rd2.idx
(/Users/konda/Library/TinyTeX/texmf-dist/tex/latex/psnfss/t1ptm.fd) (/Users/konda/Library/TinyTeX/texmf-dist/tex/latex/l3backend/l3backend-pdftex.def)
No file Rd2.aux.
(/Users/konda/Library/TinyTeX/texmf-dist/tex/latex/psnfss/ts1ptm.fd) (/Users/konda/Library/TinyTeX/texmf-dist/tex/latex/inconsolata/t1zi4.fd) (/Users/konda/Library/TinyTeX/texmf-dist/tex/latex/amsfonts/umsa.fd) (/Users/konda/Library/TinyTeX/texmf-dist/tex/latex/amsfonts/umsb.fd) (/Users/konda/Library/TinyTeX/texmf-dist/tex/latex/jknapltx/ursfs.fd)
No file Rd2.toc.
[1{/Users/konda/Library/TinyTeX/texmf-var/fonts/map/pdftex/updmap/pdftex.map}{/Users/konda/Library/TinyTeX/texmf-dist/fonts/enc/dvips/base/8r.enc}{/Users/konda/Library/TinyTeX/texmf-dist/fonts/enc/dvips/inconsolata/i4-t1-0.enc}]
Overfull \hbox (20.6802pt too wide) in paragraph at lines 77--80
[]\T1/ptm/m/n/10 Pull data with [][][]\T1/zi4/m/n/10 edr_locations()[][][] []\T1/ptm/m/n/10 / [][][]\T1/zi4/m/n/10 edr_location()[][][][]\T1/ptm/m/n/10 , [][][]\T1/zi4/m/n/10 edr_cube()[][][][]\T1/ptm/m/n/10 , [][][]\T1/zi4/m/n/10 edr_area()[][][][]\T1/ptm/m/n/10 , [][][]\T1/zi4/m/n/10 edr_position()[][][][]\T1/ptm/m/n/10 ,
[2] [3]
Overfull \hbox (18.9797pt too wide) in paragraph at lines 171--173
[]\T1/ptm/m/n/10 ISO-8601 in-stant or in-ter-val, e.g. []\T1/zi4/m/n/10 "2024-01-01/2024-12-31" []\T1/ptm/m/n/10 or []\T1/zi4/m/n/10 "2024-01-01/.."[]\T1/ptm/m/n/10 . 

Overfull \hbox (59.15031pt too wide) in paragraph at lines 209--217
\T1/ptm/m/n/10 ter Datahub[][] at []\T1/zi4/m/n/10 "https://api.wwdh.internetofwater.app"[]\T1/ptm/m/n/10 , or []\T1/zi4/m/n/10 "http://localhost:5005"

Overfull \hbox (138.9694pt too wide) in paragraph at lines 218--220
[]\T1/ptm/m/n/10 String sent in the []\T1/zi4/m/n/10 User-Agent []\T1/ptm/m/n/10 header. De-faults to []\T1/zi4/m/n/10 "edr4r/<version> (+https://github.com/ksonda/edr4r)"[]\T1/ptm/m/n/10 . 

Overfull \hbox (37.57855pt too wide) in paragraph at lines 227--229
[]\T1/ptm/m/n/10 Named char-ac-ter vec-tor of ex-tra head-ers at-tached to ev-ery re-quest (e.g. []\T1/zi4/m/n/10 c(Authorization
[4]
Overfull \hbox (3.14883pt too wide) in paragraph at lines 261--263
[]\T1/ptm/m/n/10 Collection iden-ti-fier as ad-ver-tised by the server -- e.g. []\T1/zi4/m/n/10 "monitoring-locations"
[5] [6]
Overfull \hbox (18.9797pt too wide) in paragraph at lines 356--358
[]\T1/ptm/m/n/10 ISO-8601 in-stant or in-ter-val, e.g. []\T1/zi4/m/n/10 "2024-01-01/2024-12-31" []\T1/ptm/m/n/10 or []\T1/zi4/m/n/10 "2024-01-01/.."[]\T1/ptm/m/n/10 . 

Overfull \hbox (18.9797pt too wide) in paragraph at lines 401--403
[]\T1/ptm/m/n/10 ISO-8601 in-stant or in-ter-val, e.g. []\T1/zi4/m/n/10 "2024-01-01/2024-12-31" []\T1/ptm/m/n/10 or []\T1/zi4/m/n/10 "2024-01-01/.."[]\T1/ptm/m/n/10 . 
[7]
Overfull \hbox (3.6586pt too wide) in paragraph at lines 419--424
\T1/ptm/m/n/10 quest via [][][]\T1/zi4/m/n/10 edr_cube()[][][] []\T1/ptm/m/n/10 or [][][]\T1/zi4/m/n/10 edr_area()[][][] []\T1/ptm/m/n/10 when the col-lec-tion sup-ports it, and hands the lot to [][][]\T1/zi4/m/n/10 edr_map()[][][]

Overfull \hbox (28.78978pt too wide) in paragraph at lines 460--462
[]\T1/ptm/m/n/10 Point co-ords for []\T1/zi4/m/n/10 position[]\T1/ptm/m/n/10 , or poly-gon co-ords for []\T1/zi4/m/n/10 area[]\T1/ptm/m/n/10 . For-warded to [][][]\T1/zi4/m/n/10 edr_position()[][][]

Overfull \hbox (26.30829pt too wide) in paragraph at lines 465--467
[]\T1/ptm/m/n/10 Character vec-tor of pa-ram-e-ter ids; for-warded to the data fetch. Use [][][]\T1/zi4/m/n/10 edr_parameters()[][][]
[8]
Overfull \hbox (0.61777pt too wide) in paragraph at lines 500--502
[]\T1/ptm/m/n/10 The de-fault []\T1/zi4/m/n/10 method = "auto" []\T1/ptm/m/n/10 picks the cheap-est route the col-lec-tion ad-ver-tises in its []\T1/zi4/m/n/10 data_queries[]\T1/ptm/m/n/10 : 
[9]
Overfull \hbox (18.9797pt too wide) in paragraph at lines 582--584
[]\T1/ptm/m/n/10 ISO-8601 in-stant or in-ter-val, e.g. []\T1/zi4/m/n/10 "2024-01-01/2024-12-31" []\T1/ptm/m/n/10 or []\T1/zi4/m/n/10 "2024-01-01/.."[]\T1/ptm/m/n/10 . 
[10]
Overfull \hbox (18.9797pt too wide) in paragraph at lines 653--655
[]\T1/ptm/m/n/10 ISO-8601 in-stant or in-ter-val, e.g. []\T1/zi4/m/n/10 "2024-01-01/2024-12-31" []\T1/ptm/m/n/10 or []\T1/zi4/m/n/10 "2024-01-01/.."[]\T1/ptm/m/n/10 . 
[11]
Overfull \hbox (18.9797pt too wide) in paragraph at lines 701--703
[]\T1/ptm/m/n/10 ISO-8601 in-stant or in-ter-val, e.g. []\T1/zi4/m/n/10 "2024-01-01/2024-12-31" []\T1/ptm/m/n/10 or []\T1/zi4/m/n/10 "2024-01-01/.."[]\T1/ptm/m/n/10 . 

Overfull \hbox (22.8477pt too wide) in paragraph at lines 718--721
[]\T1/ptm/m/n/10 When the server re-turns Geo-J-SON, an []\T1/zi4/m/n/10 sf []\T1/ptm/m/n/10 ob-ject if the []\T1/zi4/m/n/10 sf []\T1/ptm/m/n/10 pack-age is in-stalled, oth-er-wise an []\T1/zi4/m/n/10 edr_response
[12]
Overfull \hbox (21.55923pt too wide) in paragraph at lines 762--765
\T1/ptm/m/n/10 or tidy cov-er-age data from [][][]\T1/zi4/m/n/10 covjson_to_tibble()[][][] []\T1/ptm/m/n/10 / a Cov-er-age-J-SON []\T1/zi4/m/n/10 edr_response[]\T1/ptm/m/n/10 . 
[13]
Overfull \hbox (31.96861pt too wide) in paragraph at lines 827--829
[]\T1/ptm/m/n/10 Named list of ini-tial coverage-map se-lec-tions, e.g. []\T1/zi4/m/n/10 list(parameter = "temperature",
[14]
Overfull \hbox (3.14883pt too wide) in paragraph at lines 877--879
[]\T1/ptm/m/n/10 Collection iden-ti-fier as ad-ver-tised by the server -- e.g. []\T1/zi4/m/n/10 "monitoring-locations"

Overfull \hbox (3.57863pt too wide) in paragraph at lines 890--893
[]\T1/ptm/m/n/10 A tib-ble with one row per pa-ram-e-ter. Columns: []\T1/zi4/m/n/10 id[]\T1/ptm/m/n/10 , []\T1/zi4/m/n/10 name[]\T1/ptm/m/n/10 , []\T1/zi4/m/n/10 description[]\T1/ptm/m/n/10 , []\T1/zi4/m/n/10 unit_symbol[]\T1/ptm/m/n/10 , []\T1/zi4/m/n/10 unit_label[]\T1/ptm/m/n/10 ,

Overfull \hbox (26.22949pt too wide) in paragraph at lines 897--900
[]\T1/ptm/m/n/10 Convenience wrap-per around [][][]\T1/zi4/m/n/10 ggplot2::ggplot()[][][] []\T1/ptm/m/n/10 for the long tib-ble re-turned by [][][]\T1/zi4/m/n/10 covjson_to_tibble()[][][][]\T1/ptm/m/n/10 .

Overfull \hbox (18.25972pt too wide) in paragraph at lines 919--922
[]\T1/ptm/m/n/10 Either a tidy tib-ble from [][][]\T1/zi4/m/n/10 covjson_to_tibble()[][][] []\T1/ptm/m/n/10 or an []\T1/zi4/m/n/10 edr_response []\T1/ptm/m/n/10 / []\T1/zi4/m/n/10 edr_covjson
[15]
Overfull \hbox (12.80832pt too wide) in paragraph at lines 942--946
\T1/ptm/m/n/10 vary-ing []\T1/zi4/m/n/10 z[]\T1/ptm/m/n/10 , and oth-er-wise falls back to a time-series view. Set to []\T1/zi4/m/n/10 "time"[]\T1/ptm/m/n/10 , []\T1/zi4/m/n/10 "profile"[]\T1/ptm/m/n/10 ,
[16]
Overfull \hbox (18.9797pt too wide) in paragraph at lines 998--1000
[]\T1/ptm/m/n/10 ISO-8601 in-stant or in-ter-val, e.g. []\T1/zi4/m/n/10 "2024-01-01/2024-12-31" []\T1/ptm/m/n/10 or []\T1/zi4/m/n/10 "2024-01-01/.."[]\T1/ptm/m/n/10 . 

Overfull \hbox (3.14883pt too wide) in paragraph at lines 1034--1036
[]\T1/ptm/m/n/10 Collection iden-ti-fier as ad-ver-tised by the server -- e.g. []\T1/zi4/m/n/10 "monitoring-locations"
[17]
Overfull \hbox (18.9797pt too wide) in paragraph at lines 1079--1081
[]\T1/ptm/m/n/10 ISO-8601 in-stant or in-ter-val, e.g. []\T1/zi4/m/n/10 "2024-01-01/2024-12-31" []\T1/ptm/m/n/10 or []\T1/zi4/m/n/10 "2024-01-01/.."[]\T1/ptm/m/n/10 . 

Overfull \hbox (20.46819pt too wide) in paragraph at lines 1097--1101
[]\T1/ptm/m/n/10 Generally you should not need to call this di-rectly: the high-level verbs ([][][]\T1/zi4/m/n/10 edr_locations()[][][][]\T1/ptm/m/n/10 , [][][]\T1/zi4/m/n/10 edr_area()[][][][]\T1/ptm/m/n/10 ,
[18]
Overfull \hbox (146.66826pt too wide) in paragraph at lines 1119--1121
[]\T1/ptm/m/n/10 Path un-der the base URL (with or with-out lead-ing slash), e.g. []\T1/zi4/m/n/10 "collections/monitoring-locations/locations"[]\T1/ptm/m/n/10 . 
[19]
Overfull \hbox (18.9797pt too wide) in paragraph at lines 1202--1204
[]\T1/ptm/m/n/10 ISO-8601 in-stant or in-ter-val, e.g. []\T1/zi4/m/n/10 "2024-01-01/2024-12-31" []\T1/ptm/m/n/10 or []\T1/zi4/m/n/10 "2024-01-01/.."[]\T1/ptm/m/n/10 . 
[20]
No file Rd2.ind.
[21] (/private/var/folders/qf/2ppc493d10d9p3ppg6085l9h0000gn/T/RtmpDlHMbV/Rd2pdf15e943011e1d0/Rd2.aux)

Package rerunfilecheck Warning: File `Rd2.out' has changed.
(rerunfilecheck)                Rerun to get outlines right
(rerunfilecheck)                or use package `bookmark'.

 )
(see the transcript file for additional information)
pdfTeX warning (dest): name{Rfn.htmlwidgets::saveWidget\(\)} has been referenced but does not exist, replaced by a fixed one


pdfTeX warning (dest): name{Rfn.ggplot2::ggplot\(\)} has been referenced but does not exist, replaced by a fixed one


pdfTeX warning (dest): name{Rfn.leaflet::leaflet} has been referenced but does not exist, replaced by a fixed one

</Users/konda/Library/TinyTeX/texmf-dist/fonts/type1/public/inconsolata/Inconsolata-zi4r.pfb></Users/konda/Library/TinyTeX/texmf-dist/fonts/type1/urw/times/utmb8a.pfb></Users/konda/Library/TinyTeX/texmf-dist/fonts/type1/urw/times/utmr8a.pfb></Users/konda/Library/TinyTeX/texmf-dist/fonts/type1/urw/times/utmr8a.pfb></Users/konda/Library/TinyTeX/texmf-dist/fonts/type1/urw/times/utmri8a.pfb>
Output written on Rd2.pdf (21 pages, 126106 bytes).
Transcript written on Rd2.log.
This is makeindex, version 2.17 [TeX Live 2023] (kpathsea + Thai support).
Scanning input file Rd2.idx....done (83 entries accepted, 0 rejected).
Sorting entries....done (538 comparisons).
Generating output file Rd2.ind....done (94 lines written, 0 warnings).
Output written in Rd2.ind.
Transcript written in Rd2.ilg.
This is pdfTeX, Version 3.141592653-2.6-1.40.25 (TeX Live 2023) (preloaded format=pdflatex)
 restricted \write18 enabled.
entering extended mode
LaTeX2e <2023-06-01> patch level 1
L3 programming layer <2023-06-30>
(./Rd2.tex
(/Users/konda/Library/TinyTeX/texmf-dist/tex/latex/base/book.cls
Document Class: book 2023/05/17 v1.4n Standard LaTeX document class
(/Users/konda/Library/TinyTeX/texmf-dist/tex/latex/base/bk10.clo)) (/Library/Frameworks/R.framework/Resources/share/texmf/tex/latex/Rd.sty (/Users/konda/Library/TinyTeX/texmf-dist/tex/latex/base/ifthen.sty) (/Users/konda/Library/TinyTeX/texmf-dist/tex/generic/iftex/iftex.sty) (/Users/konda/Library/TinyTeX/texmf-dist/tex/latex/tools/longtable.sty) (/Users/konda/Library/TinyTeX/texmf-dist/tex/latex/tools/bm.sty) (/Users/konda/Library/TinyTeX/texmf-dist/tex/latex/base/alltt.sty) (/Users/konda/Library/TinyTeX/texmf-dist/tex/latex/tools/verbatim.sty) (/Users/konda/Library/TinyTeX/texmf-dist/tex/latex/url/url.sty) (/Users/konda/Library/TinyTeX/texmf-dist/tex/latex/base/textcomp.sty) (/Users/konda/Library/TinyTeX/texmf-dist/tex/latex/amsmath/amsmath.sty
For additional information on amsmath, use the `?' option.
(/Users/konda/Library/TinyTeX/texmf-dist/tex/latex/amsmath/amstext.sty (/Users/konda/Library/TinyTeX/texmf-dist/tex/latex/amsmath/amsgen.sty)) (/Users/konda/Library/TinyTeX/texmf-dist/tex/latex/amsmath/amsbsy.sty) (/Users/konda/Library/TinyTeX/texmf-dist/tex/latex/amsmath/amsopn.sty)) (/Users/konda/Library/TinyTeX/texmf-dist/tex/latex/amsfonts/amsfonts.sty) (/Users/konda/Library/TinyTeX/texmf-dist/tex/latex/amsfonts/amssymb.sty) (/Users/konda/Library/TinyTeX/texmf-dist/tex/latex/jknapltx/mathrsfs.sty) (/Users/konda/Library/TinyTeX/texmf-dist/tex/latex/base/fontenc.sty) (/Users/konda/Library/TinyTeX/texmf-dist/tex/latex/psnfss/times.sty) (/Users/konda/Library/TinyTeX/texmf-dist/tex/latex/inconsolata/zi4.sty `inconsolata-zi4' v1.12, 2019/05/17 Text macros for Inconsolata (msharpe) (/Users/konda/Library/TinyTeX/texmf-dist/tex/latex/xkeyval/xkeyval.sty (/Users/konda/Library/TinyTeX/texmf-dist/tex/generic/xkeyval/xkeyval.tex (/Users/konda/Library/TinyTeX/texmf-dist/tex/generic/xkeyval/xkvutils.tex (/Users/konda/Library/TinyTeX/texmf-dist/tex/generic/xkeyval/keyval.tex))))) (/Users/konda/Library/TinyTeX/texmf-dist/tex/latex/graphics/color.sty (/Users/konda/Library/TinyTeX/texmf-dist/tex/latex/graphics-cfg/color.cfg) (/Users/konda/Library/TinyTeX/texmf-dist/tex/latex/graphics-def/pdftex.def) (/Users/konda/Library/TinyTeX/texmf-dist/tex/latex/graphics/mathcolor.ltx)) (/Users/konda/Library/TinyTeX/texmf-dist/tex/latex/hyperref/hyperref.sty (/Users/konda/Library/TinyTeX/texmf-dist/tex/generic/ltxcmds/ltxcmds.sty) (/Users/konda/Library/TinyTeX/texmf-dist/tex/generic/pdftexcmds/pdftexcmds.sty (/Users/konda/Library/TinyTeX/texmf-dist/tex/generic/infwarerr/infwarerr.sty)) (/Users/konda/Library/TinyTeX/texmf-dist/tex/latex/kvsetkeys/kvsetkeys.sty) (/Users/konda/Library/TinyTeX/texmf-dist/tex/generic/kvdefinekeys/kvdefinekeys.sty) (/Users/konda/Library/TinyTeX/texmf-dist/tex/generic/pdfescape/pdfescape.sty) (/Users/konda/Library/TinyTeX/texmf-dist/tex/latex/hycolor/hycolor.sty) (/Users/konda/Library/TinyTeX/texmf-dist/tex/latex/letltxmacro/letltxmacro.sty) (/Users/konda/Library/TinyTeX/texmf-dist/tex/latex/auxhook/auxhook.sty) (/Users/konda/Library/TinyTeX/texmf-dist/tex/latex/hyperref/nameref.sty (/Users/konda/Library/TinyTeX/texmf-dist/tex/latex/refcount/refcount.sty) (/Users/konda/Library/TinyTeX/texmf-dist/tex/generic/gettitlestring/gettitlestring.sty (/Users/konda/Library/TinyTeX/texmf-dist/tex/latex/kvoptions/kvoptions.sty))) (/Users/konda/Library/TinyTeX/texmf-dist/tex/latex/etoolbox/etoolbox.sty) (/Users/konda/Library/TinyTeX/texmf-dist/tex/latex/hyperref/pd1enc.def) (/Users/konda/Library/TinyTeX/texmf-dist/tex/generic/intcalc/intcalc.sty) (/Users/konda/Library/TinyTeX/texmf-dist/tex/latex/hyperref/puenc.def) (/Users/konda/Library/TinyTeX/texmf-dist/tex/generic/bitset/bitset.sty (/Users/konda/Library/TinyTeX/texmf-dist/tex/generic/bigintcalc/bigintcalc.sty)) (/Users/konda/Library/TinyTeX/texmf-dist/tex/latex/base/atbegshi-ltx.sty)) (/Users/konda/Library/TinyTeX/texmf-dist/tex/latex/hyperref/hpdftex.def (/Users/konda/Library/TinyTeX/texmf-dist/tex/latex/base/atveryend-ltx.sty) (/Users/konda/Library/TinyTeX/texmf-dist/tex/latex/rerunfilecheck/rerunfilecheck.sty (/Users/konda/Library/TinyTeX/texmf-dist/tex/generic/uniquecounter/uniquecounter.sty)))) (/Users/konda/Library/TinyTeX/texmf-dist/tex/latex/base/makeidx.sty)
Writing index file Rd2.idx
(/Users/konda/Library/TinyTeX/texmf-dist/tex/latex/psnfss/t1ptm.fd) (/Users/konda/Library/TinyTeX/texmf-dist/tex/latex/l3backend/l3backend-pdftex.def) (/private/var/folders/qf/2ppc493d10d9p3ppg6085l9h0000gn/T/RtmpDlHMbV/Rd2pdf15e943011e1d0/Rd2.aux) (/private/var/folders/qf/2ppc493d10d9p3ppg6085l9h0000gn/T/RtmpDlHMbV/Rd2pdf15e943011e1d0/Rd2.out) (/private/var/folders/qf/2ppc493d10d9p3ppg6085l9h0000gn/T/RtmpDlHMbV/Rd2pdf15e943011e1d0/Rd2.out) (/Users/konda/Library/TinyTeX/texmf-dist/tex/latex/psnfss/ts1ptm.fd) (/Users/konda/Library/TinyTeX/texmf-dist/tex/latex/inconsolata/t1zi4.fd) (/Users/konda/Library/TinyTeX/texmf-dist/tex/latex/amsfonts/umsa.fd) (/Users/konda/Library/TinyTeX/texmf-dist/tex/latex/amsfonts/umsb.fd) (/Users/konda/Library/TinyTeX/texmf-dist/tex/latex/jknapltx/ursfs.fd) (/private/var/folders/qf/2ppc493d10d9p3ppg6085l9h0000gn/T/RtmpDlHMbV/Rd2pdf15e943011e1d0/Rd2.toc [1{/Users/konda/Library/TinyTeX/texmf-var/fonts/map/pdftex/updmap/pdftex.map}{/Users/konda/Library/TinyTeX/texmf-dist/fonts/enc/dvips/base/8r.enc}{/Users/konda/Library/TinyTeX/texmf-dist/fonts/enc/dvips/inconsolata/i4-t1-0.enc}])
Overfull \hbox (20.6802pt too wide) in paragraph at lines 77--80
[]\T1/ptm/m/n/10 Pull data with [][][]\T1/zi4/m/n/10 edr_locations()[][][] []\T1/ptm/m/n/10 / [][][]\T1/zi4/m/n/10 edr_location()[][][][]\T1/ptm/m/n/10 , [][][]\T1/zi4/m/n/10 edr_cube()[][][][]\T1/ptm/m/n/10 , [][][]\T1/zi4/m/n/10 edr_area()[][][][]\T1/ptm/m/n/10 , [][][]\T1/zi4/m/n/10 edr_position()[][][][]\T1/ptm/m/n/10 ,
[2] [3]
Overfull \hbox (18.9797pt too wide) in paragraph at lines 171--173
[]\T1/ptm/m/n/10 ISO-8601 in-stant or in-ter-val, e.g. []\T1/zi4/m/n/10 "2024-01-01/2024-12-31" []\T1/ptm/m/n/10 or []\T1/zi4/m/n/10 "2024-01-01/.."[]\T1/ptm/m/n/10 . 

Overfull \hbox (59.15031pt too wide) in paragraph at lines 209--217
\T1/ptm/m/n/10 ter Datahub[][] at []\T1/zi4/m/n/10 "https://api.wwdh.internetofwater.app"[]\T1/ptm/m/n/10 , or []\T1/zi4/m/n/10 "http://localhost:5005"
[4]
Overfull \hbox (138.9694pt too wide) in paragraph at lines 218--220
[]\T1/ptm/m/n/10 String sent in the []\T1/zi4/m/n/10 User-Agent []\T1/ptm/m/n/10 header. De-faults to []\T1/zi4/m/n/10 "edr4r/<version> (+https://github.com/ksonda/edr4r)"[]\T1/ptm/m/n/10 . 

Overfull \hbox (37.57855pt too wide) in paragraph at lines 227--229
[]\T1/ptm/m/n/10 Named char-ac-ter vec-tor of ex-tra head-ers at-tached to ev-ery re-quest (e.g. []\T1/zi4/m/n/10 c(Authorization

Overfull \hbox (3.14883pt too wide) in paragraph at lines 261--263
[]\T1/ptm/m/n/10 Collection iden-ti-fier as ad-ver-tised by the server -- e.g. []\T1/zi4/m/n/10 "monitoring-locations"
[5] [6]
Overfull \hbox (18.9797pt too wide) in paragraph at lines 356--358
[]\T1/ptm/m/n/10 ISO-8601 in-stant or in-ter-val, e.g. []\T1/zi4/m/n/10 "2024-01-01/2024-12-31" []\T1/ptm/m/n/10 or []\T1/zi4/m/n/10 "2024-01-01/.."[]\T1/ptm/m/n/10 . 
[7]
Overfull \hbox (18.9797pt too wide) in paragraph at lines 401--403
[]\T1/ptm/m/n/10 ISO-8601 in-stant or in-ter-val, e.g. []\T1/zi4/m/n/10 "2024-01-01/2024-12-31" []\T1/ptm/m/n/10 or []\T1/zi4/m/n/10 "2024-01-01/.."[]\T1/ptm/m/n/10 . 

Overfull \hbox (3.6586pt too wide) in paragraph at lines 419--424
\T1/ptm/m/n/10 quest via [][][]\T1/zi4/m/n/10 edr_cube()[][][] []\T1/ptm/m/n/10 or [][][]\T1/zi4/m/n/10 edr_area()[][][] []\T1/ptm/m/n/10 when the col-lec-tion sup-ports it, and hands the lot to [][][]\T1/zi4/m/n/10 edr_map()[][][]
[8]
Overfull \hbox (28.78978pt too wide) in paragraph at lines 460--462
[]\T1/ptm/m/n/10 Point co-ords for []\T1/zi4/m/n/10 position[]\T1/ptm/m/n/10 , or poly-gon co-ords for []\T1/zi4/m/n/10 area[]\T1/ptm/m/n/10 . For-warded to [][][]\T1/zi4/m/n/10 edr_position()[][][]

Overfull \hbox (26.30829pt too wide) in paragraph at lines 465--467
[]\T1/ptm/m/n/10 Character vec-tor of pa-ram-e-ter ids; for-warded to the data fetch. Use [][][]\T1/zi4/m/n/10 edr_parameters()[][][]

Overfull \hbox (0.61777pt too wide) in paragraph at lines 500--502
[]\T1/ptm/m/n/10 The de-fault []\T1/zi4/m/n/10 method = "auto" []\T1/ptm/m/n/10 picks the cheap-est route the col-lec-tion ad-ver-tises in its []\T1/zi4/m/n/10 data_queries[]\T1/ptm/m/n/10 : 
[9] [10]
Overfull \hbox (18.9797pt too wide) in paragraph at lines 582--584
[]\T1/ptm/m/n/10 ISO-8601 in-stant or in-ter-val, e.g. []\T1/zi4/m/n/10 "2024-01-01/2024-12-31" []\T1/ptm/m/n/10 or []\T1/zi4/m/n/10 "2024-01-01/.."[]\T1/ptm/m/n/10 . 
[11]
Overfull \hbox (18.9797pt too wide) in paragraph at lines 653--655
[]\T1/ptm/m/n/10 ISO-8601 in-stant or in-ter-val, e.g. []\T1/zi4/m/n/10 "2024-01-01/2024-12-31" []\T1/ptm/m/n/10 or []\T1/zi4/m/n/10 "2024-01-01/.."[]\T1/ptm/m/n/10 . 
[12]
Overfull \hbox (18.9797pt too wide) in paragraph at lines 701--703
[]\T1/ptm/m/n/10 ISO-8601 in-stant or in-ter-val, e.g. []\T1/zi4/m/n/10 "2024-01-01/2024-12-31" []\T1/ptm/m/n/10 or []\T1/zi4/m/n/10 "2024-01-01/.."[]\T1/ptm/m/n/10 . 

Overfull \hbox (22.8477pt too wide) in paragraph at lines 718--721
[]\T1/ptm/m/n/10 When the server re-turns Geo-J-SON, an []\T1/zi4/m/n/10 sf []\T1/ptm/m/n/10 ob-ject if the []\T1/zi4/m/n/10 sf []\T1/ptm/m/n/10 pack-age is in-stalled, oth-er-wise an []\T1/zi4/m/n/10 edr_response
[13]
Overfull \hbox (21.55923pt too wide) in paragraph at lines 762--765
\T1/ptm/m/n/10 or tidy cov-er-age data from [][][]\T1/zi4/m/n/10 covjson_to_tibble()[][][] []\T1/ptm/m/n/10 / a Cov-er-age-J-SON []\T1/zi4/m/n/10 edr_response[]\T1/ptm/m/n/10 . 
[14]
Overfull \hbox (31.96861pt too wide) in paragraph at lines 827--829
[]\T1/ptm/m/n/10 Named list of ini-tial coverage-map se-lec-tions, e.g. []\T1/zi4/m/n/10 list(parameter = "temperature",
[15]
Overfull \hbox (3.14883pt too wide) in paragraph at lines 877--879
[]\T1/ptm/m/n/10 Collection iden-ti-fier as ad-ver-tised by the server -- e.g. []\T1/zi4/m/n/10 "monitoring-locations"

Overfull \hbox (3.57863pt too wide) in paragraph at lines 890--893
[]\T1/ptm/m/n/10 A tib-ble with one row per pa-ram-e-ter. Columns: []\T1/zi4/m/n/10 id[]\T1/ptm/m/n/10 , []\T1/zi4/m/n/10 name[]\T1/ptm/m/n/10 , []\T1/zi4/m/n/10 description[]\T1/ptm/m/n/10 , []\T1/zi4/m/n/10 unit_symbol[]\T1/ptm/m/n/10 , []\T1/zi4/m/n/10 unit_label[]\T1/ptm/m/n/10 ,

Overfull \hbox (26.22949pt too wide) in paragraph at lines 897--900
[]\T1/ptm/m/n/10 Convenience wrap-per around [][][]\T1/zi4/m/n/10 ggplot2::ggplot()[][][] []\T1/ptm/m/n/10 for the long tib-ble re-turned by [][][]\T1/zi4/m/n/10 covjson_to_tibble()[][][][]\T1/ptm/m/n/10 .

Overfull \hbox (18.25972pt too wide) in paragraph at lines 919--922
[]\T1/ptm/m/n/10 Either a tidy tib-ble from [][][]\T1/zi4/m/n/10 covjson_to_tibble()[][][] []\T1/ptm/m/n/10 or an []\T1/zi4/m/n/10 edr_response []\T1/ptm/m/n/10 / []\T1/zi4/m/n/10 edr_covjson
[16]
Overfull \hbox (12.80832pt too wide) in paragraph at lines 942--946
\T1/ptm/m/n/10 vary-ing []\T1/zi4/m/n/10 z[]\T1/ptm/m/n/10 , and oth-er-wise falls back to a time-series view. Set to []\T1/zi4/m/n/10 "time"[]\T1/ptm/m/n/10 , []\T1/zi4/m/n/10 "profile"[]\T1/ptm/m/n/10 ,
[17]
Overfull \hbox (18.9797pt too wide) in paragraph at lines 998--1000
[]\T1/ptm/m/n/10 ISO-8601 in-stant or in-ter-val, e.g. []\T1/zi4/m/n/10 "2024-01-01/2024-12-31" []\T1/ptm/m/n/10 or []\T1/zi4/m/n/10 "2024-01-01/.."[]\T1/ptm/m/n/10 . 

Overfull \hbox (3.14883pt too wide) in paragraph at lines 1034--1036
[]\T1/ptm/m/n/10 Collection iden-ti-fier as ad-ver-tised by the server -- e.g. []\T1/zi4/m/n/10 "monitoring-locations"
[18]
Overfull \hbox (18.9797pt too wide) in paragraph at lines 1079--1081
[]\T1/ptm/m/n/10 ISO-8601 in-stant or in-ter-val, e.g. []\T1/zi4/m/n/10 "2024-01-01/2024-12-31" []\T1/ptm/m/n/10 or []\T1/zi4/m/n/10 "2024-01-01/.."[]\T1/ptm/m/n/10 . 

Overfull \hbox (20.46819pt too wide) in paragraph at lines 1097--1101
[]\T1/ptm/m/n/10 Generally you should not need to call this di-rectly: the high-level verbs ([][][]\T1/zi4/m/n/10 edr_locations()[][][][]\T1/ptm/m/n/10 , [][][]\T1/zi4/m/n/10 edr_area()[][][][]\T1/ptm/m/n/10 ,
[19]
Overfull \hbox (146.66826pt too wide) in paragraph at lines 1119--1121
[]\T1/ptm/m/n/10 Path un-der the base URL (with or with-out lead-ing slash), e.g. []\T1/zi4/m/n/10 "collections/monitoring-locations/locations"[]\T1/ptm/m/n/10 . 
[20]
Overfull \hbox (18.9797pt too wide) in paragraph at lines 1202--1204
[]\T1/ptm/m/n/10 ISO-8601 in-stant or in-ter-val, e.g. []\T1/zi4/m/n/10 "2024-01-01/2024-12-31" []\T1/ptm/m/n/10 or []\T1/zi4/m/n/10 "2024-01-01/.."[]\T1/ptm/m/n/10 . 
[21] (/private/var/folders/qf/2ppc493d10d9p3ppg6085l9h0000gn/T/RtmpDlHMbV/Rd2pdf15e943011e1d0/Rd2.ind [22]

LaTeX Font Warning: Font shape `T1/zi4/m/it' undefined
(Font)              using `T1/zi4/m/n' instead on input line 15.

[23]) (/private/var/folders/qf/2ppc493d10d9p3ppg6085l9h0000gn/T/RtmpDlHMbV/Rd2pdf15e943011e1d0/Rd2.aux)

LaTeX Font Warning: Some font shapes were not available, defaults substituted.


Package rerunfilecheck Warning: File `Rd2.out' has changed.
(rerunfilecheck)                Rerun to get outlines right
(rerunfilecheck)                or use package `bookmark'.

 )
(see the transcript file for additional information)
pdfTeX warning (dest): name{Rfn.htmlwidgets::saveWidget\(\)} has been referenced but does not exist, replaced by a fixed one


pdfTeX warning (dest): name{Rfn.ggplot2::ggplot\(\)} has been referenced but does not exist, replaced by a fixed one


pdfTeX warning (dest): name{Rfn.leaflet::leaflet} has been referenced but does not exist, replaced by a fixed one

</Users/konda/Library/TinyTeX/texmf-dist/fonts/type1/public/inconsolata/Inconsolata-zi4r.pfb></Users/konda/Library/TinyTeX/texmf-dist/fonts/type1/public/amsfonts/cm/cmsy10.pfb></Users/konda/Library/TinyTeX/texmf-dist/fonts/type1/urw/times/utmb8a.pfb></Users/konda/Library/TinyTeX/texmf-dist/fonts/type1/urw/times/utmr8a.pfb></Users/konda/Library/TinyTeX/texmf-dist/fonts/type1/urw/times/utmr8a.pfb></Users/konda/Library/TinyTeX/texmf-dist/fonts/type1/urw/times/utmri8a.pfb>
Output written on Rd2.pdf (23 pages, 143016 bytes).
Transcript written on Rd2.log.
This is makeindex, version 2.17 [TeX Live 2023] (kpathsea + Thai support).
Scanning input file Rd2.idx....done (83 entries accepted, 0 rejected).
Sorting entries....done (538 comparisons).
Generating output file Rd2.ind....done (93 lines written, 0 warnings).
Output written in Rd2.ind.
Transcript written in Rd2.ilg.
This is pdfTeX, Version 3.141592653-2.6-1.40.25 (TeX Live 2023) (preloaded format=pdflatex)
 restricted \write18 enabled.
entering extended mode
LaTeX2e <2023-06-01> patch level 1
L3 programming layer <2023-06-30>
(./Rd2.tex
(/Users/konda/Library/TinyTeX/texmf-dist/tex/latex/base/book.cls
Document Class: book 2023/05/17 v1.4n Standard LaTeX document class
(/Users/konda/Library/TinyTeX/texmf-dist/tex/latex/base/bk10.clo)) (/Library/Frameworks/R.framework/Resources/share/texmf/tex/latex/Rd.sty (/Users/konda/Library/TinyTeX/texmf-dist/tex/latex/base/ifthen.sty) (/Users/konda/Library/TinyTeX/texmf-dist/tex/generic/iftex/iftex.sty) (/Users/konda/Library/TinyTeX/texmf-dist/tex/latex/tools/longtable.sty) (/Users/konda/Library/TinyTeX/texmf-dist/tex/latex/tools/bm.sty) (/Users/konda/Library/TinyTeX/texmf-dist/tex/latex/base/alltt.sty) (/Users/konda/Library/TinyTeX/texmf-dist/tex/latex/tools/verbatim.sty) (/Users/konda/Library/TinyTeX/texmf-dist/tex/latex/url/url.sty) (/Users/konda/Library/TinyTeX/texmf-dist/tex/latex/base/textcomp.sty) (/Users/konda/Library/TinyTeX/texmf-dist/tex/latex/amsmath/amsmath.sty
For additional information on amsmath, use the `?' option.
(/Users/konda/Library/TinyTeX/texmf-dist/tex/latex/amsmath/amstext.sty (/Users/konda/Library/TinyTeX/texmf-dist/tex/latex/amsmath/amsgen.sty)) (/Users/konda/Library/TinyTeX/texmf-dist/tex/latex/amsmath/amsbsy.sty) (/Users/konda/Library/TinyTeX/texmf-dist/tex/latex/amsmath/amsopn.sty)) (/Users/konda/Library/TinyTeX/texmf-dist/tex/latex/amsfonts/amsfonts.sty) (/Users/konda/Library/TinyTeX/texmf-dist/tex/latex/amsfonts/amssymb.sty) (/Users/konda/Library/TinyTeX/texmf-dist/tex/latex/jknapltx/mathrsfs.sty) (/Users/konda/Library/TinyTeX/texmf-dist/tex/latex/base/fontenc.sty) (/Users/konda/Library/TinyTeX/texmf-dist/tex/latex/psnfss/times.sty) (/Users/konda/Library/TinyTeX/texmf-dist/tex/latex/inconsolata/zi4.sty `inconsolata-zi4' v1.12, 2019/05/17 Text macros for Inconsolata (msharpe) (/Users/konda/Library/TinyTeX/texmf-dist/tex/latex/xkeyval/xkeyval.sty (/Users/konda/Library/TinyTeX/texmf-dist/tex/generic/xkeyval/xkeyval.tex (/Users/konda/Library/TinyTeX/texmf-dist/tex/generic/xkeyval/xkvutils.tex (/Users/konda/Library/TinyTeX/texmf-dist/tex/generic/xkeyval/keyval.tex))))) (/Users/konda/Library/TinyTeX/texmf-dist/tex/latex/graphics/color.sty (/Users/konda/Library/TinyTeX/texmf-dist/tex/latex/graphics-cfg/color.cfg) (/Users/konda/Library/TinyTeX/texmf-dist/tex/latex/graphics-def/pdftex.def) (/Users/konda/Library/TinyTeX/texmf-dist/tex/latex/graphics/mathcolor.ltx)) (/Users/konda/Library/TinyTeX/texmf-dist/tex/latex/hyperref/hyperref.sty (/Users/konda/Library/TinyTeX/texmf-dist/tex/generic/ltxcmds/ltxcmds.sty) (/Users/konda/Library/TinyTeX/texmf-dist/tex/generic/pdftexcmds/pdftexcmds.sty (/Users/konda/Library/TinyTeX/texmf-dist/tex/generic/infwarerr/infwarerr.sty)) (/Users/konda/Library/TinyTeX/texmf-dist/tex/latex/kvsetkeys/kvsetkeys.sty) (/Users/konda/Library/TinyTeX/texmf-dist/tex/generic/kvdefinekeys/kvdefinekeys.sty) (/Users/konda/Library/TinyTeX/texmf-dist/tex/generic/pdfescape/pdfescape.sty) (/Users/konda/Library/TinyTeX/texmf-dist/tex/latex/hycolor/hycolor.sty) (/Users/konda/Library/TinyTeX/texmf-dist/tex/latex/letltxmacro/letltxmacro.sty) (/Users/konda/Library/TinyTeX/texmf-dist/tex/latex/auxhook/auxhook.sty) (/Users/konda/Library/TinyTeX/texmf-dist/tex/latex/hyperref/nameref.sty (/Users/konda/Library/TinyTeX/texmf-dist/tex/latex/refcount/refcount.sty) (/Users/konda/Library/TinyTeX/texmf-dist/tex/generic/gettitlestring/gettitlestring.sty (/Users/konda/Library/TinyTeX/texmf-dist/tex/latex/kvoptions/kvoptions.sty))) (/Users/konda/Library/TinyTeX/texmf-dist/tex/latex/etoolbox/etoolbox.sty) (/Users/konda/Library/TinyTeX/texmf-dist/tex/latex/hyperref/pd1enc.def) (/Users/konda/Library/TinyTeX/texmf-dist/tex/generic/intcalc/intcalc.sty) (/Users/konda/Library/TinyTeX/texmf-dist/tex/latex/hyperref/puenc.def) (/Users/konda/Library/TinyTeX/texmf-dist/tex/generic/bitset/bitset.sty (/Users/konda/Library/TinyTeX/texmf-dist/tex/generic/bigintcalc/bigintcalc.sty)) (/Users/konda/Library/TinyTeX/texmf-dist/tex/latex/base/atbegshi-ltx.sty)) (/Users/konda/Library/TinyTeX/texmf-dist/tex/latex/hyperref/hpdftex.def (/Users/konda/Library/TinyTeX/texmf-dist/tex/latex/base/atveryend-ltx.sty) (/Users/konda/Library/TinyTeX/texmf-dist/tex/latex/rerunfilecheck/rerunfilecheck.sty (/Users/konda/Library/TinyTeX/texmf-dist/tex/generic/uniquecounter/uniquecounter.sty)))) (/Users/konda/Library/TinyTeX/texmf-dist/tex/latex/base/makeidx.sty)
Writing index file Rd2.idx
(/Users/konda/Library/TinyTeX/texmf-dist/tex/latex/psnfss/t1ptm.fd) (/Users/konda/Library/TinyTeX/texmf-dist/tex/latex/l3backend/l3backend-pdftex.def) (/private/var/folders/qf/2ppc493d10d9p3ppg6085l9h0000gn/T/RtmpDlHMbV/Rd2pdf15e943011e1d0/Rd2.aux) (/private/var/folders/qf/2ppc493d10d9p3ppg6085l9h0000gn/T/RtmpDlHMbV/Rd2pdf15e943011e1d0/Rd2.out) (/private/var/folders/qf/2ppc493d10d9p3ppg6085l9h0000gn/T/RtmpDlHMbV/Rd2pdf15e943011e1d0/Rd2.out) (/Users/konda/Library/TinyTeX/texmf-dist/tex/latex/psnfss/ts1ptm.fd) (/Users/konda/Library/TinyTeX/texmf-dist/tex/latex/inconsolata/t1zi4.fd) (/Users/konda/Library/TinyTeX/texmf-dist/tex/latex/amsfonts/umsa.fd) (/Users/konda/Library/TinyTeX/texmf-dist/tex/latex/amsfonts/umsb.fd) (/Users/konda/Library/TinyTeX/texmf-dist/tex/latex/jknapltx/ursfs.fd) (/private/var/folders/qf/2ppc493d10d9p3ppg6085l9h0000gn/T/RtmpDlHMbV/Rd2pdf15e943011e1d0/Rd2.toc [1{/Users/konda/Library/TinyTeX/texmf-var/fonts/map/pdftex/updmap/pdftex.map}{/Users/konda/Library/TinyTeX/texmf-dist/fonts/enc/dvips/base/8r.enc}{/Users/konda/Library/TinyTeX/texmf-dist/fonts/enc/dvips/inconsolata/i4-t1-0.enc}])
Overfull \hbox (20.6802pt too wide) in paragraph at lines 77--80
[]\T1/ptm/m/n/10 Pull data with [][][]\T1/zi4/m/n/10 edr_locations()[][][] []\T1/ptm/m/n/10 / [][][]\T1/zi4/m/n/10 edr_location()[][][][]\T1/ptm/m/n/10 , [][][]\T1/zi4/m/n/10 edr_cube()[][][][]\T1/ptm/m/n/10 , [][][]\T1/zi4/m/n/10 edr_area()[][][][]\T1/ptm/m/n/10 , [][][]\T1/zi4/m/n/10 edr_position()[][][][]\T1/ptm/m/n/10 ,
[2] [3]
Overfull \hbox (18.9797pt too wide) in paragraph at lines 171--173
[]\T1/ptm/m/n/10 ISO-8601 in-stant or in-ter-val, e.g. []\T1/zi4/m/n/10 "2024-01-01/2024-12-31" []\T1/ptm/m/n/10 or []\T1/zi4/m/n/10 "2024-01-01/.."[]\T1/ptm/m/n/10 . 

Overfull \hbox (59.15031pt too wide) in paragraph at lines 209--217
\T1/ptm/m/n/10 ter Datahub[][] at []\T1/zi4/m/n/10 "https://api.wwdh.internetofwater.app"[]\T1/ptm/m/n/10 , or []\T1/zi4/m/n/10 "http://localhost:5005"
[4]
Overfull \hbox (138.9694pt too wide) in paragraph at lines 218--220
[]\T1/ptm/m/n/10 String sent in the []\T1/zi4/m/n/10 User-Agent []\T1/ptm/m/n/10 header. De-faults to []\T1/zi4/m/n/10 "edr4r/<version> (+https://github.com/ksonda/edr4r)"[]\T1/ptm/m/n/10 . 

Overfull \hbox (37.57855pt too wide) in paragraph at lines 227--229
[]\T1/ptm/m/n/10 Named char-ac-ter vec-tor of ex-tra head-ers at-tached to ev-ery re-quest (e.g. []\T1/zi4/m/n/10 c(Authorization

Overfull \hbox (3.14883pt too wide) in paragraph at lines 261--263
[]\T1/ptm/m/n/10 Collection iden-ti-fier as ad-ver-tised by the server -- e.g. []\T1/zi4/m/n/10 "monitoring-locations"
[5] [6]
Overfull \hbox (18.9797pt too wide) in paragraph at lines 356--358
[]\T1/ptm/m/n/10 ISO-8601 in-stant or in-ter-val, e.g. []\T1/zi4/m/n/10 "2024-01-01/2024-12-31" []\T1/ptm/m/n/10 or []\T1/zi4/m/n/10 "2024-01-01/.."[]\T1/ptm/m/n/10 . 
[7]
Overfull \hbox (18.9797pt too wide) in paragraph at lines 401--403
[]\T1/ptm/m/n/10 ISO-8601 in-stant or in-ter-val, e.g. []\T1/zi4/m/n/10 "2024-01-01/2024-12-31" []\T1/ptm/m/n/10 or []\T1/zi4/m/n/10 "2024-01-01/.."[]\T1/ptm/m/n/10 . 

Overfull \hbox (3.6586pt too wide) in paragraph at lines 419--424
\T1/ptm/m/n/10 quest via [][][]\T1/zi4/m/n/10 edr_cube()[][][] []\T1/ptm/m/n/10 or [][][]\T1/zi4/m/n/10 edr_area()[][][] []\T1/ptm/m/n/10 when the col-lec-tion sup-ports it, and hands the lot to [][][]\T1/zi4/m/n/10 edr_map()[][][]
[8]
Overfull \hbox (28.78978pt too wide) in paragraph at lines 460--462
[]\T1/ptm/m/n/10 Point co-ords for []\T1/zi4/m/n/10 position[]\T1/ptm/m/n/10 , or poly-gon co-ords for []\T1/zi4/m/n/10 area[]\T1/ptm/m/n/10 . For-warded to [][][]\T1/zi4/m/n/10 edr_position()[][][]

Overfull \hbox (26.30829pt too wide) in paragraph at lines 465--467
[]\T1/ptm/m/n/10 Character vec-tor of pa-ram-e-ter ids; for-warded to the data fetch. Use [][][]\T1/zi4/m/n/10 edr_parameters()[][][]

Overfull \hbox (0.61777pt too wide) in paragraph at lines 500--502
[]\T1/ptm/m/n/10 The de-fault []\T1/zi4/m/n/10 method = "auto" []\T1/ptm/m/n/10 picks the cheap-est route the col-lec-tion ad-ver-tises in its []\T1/zi4/m/n/10 data_queries[]\T1/ptm/m/n/10 : 
[9] [10]
Overfull \hbox (18.9797pt too wide) in paragraph at lines 582--584
[]\T1/ptm/m/n/10 ISO-8601 in-stant or in-ter-val, e.g. []\T1/zi4/m/n/10 "2024-01-01/2024-12-31" []\T1/ptm/m/n/10 or []\T1/zi4/m/n/10 "2024-01-01/.."[]\T1/ptm/m/n/10 . 
[11]
Overfull \hbox (18.9797pt too wide) in paragraph at lines 653--655
[]\T1/ptm/m/n/10 ISO-8601 in-stant or in-ter-val, e.g. []\T1/zi4/m/n/10 "2024-01-01/2024-12-31" []\T1/ptm/m/n/10 or []\T1/zi4/m/n/10 "2024-01-01/.."[]\T1/ptm/m/n/10 . 
[12]
Overfull \hbox (18.9797pt too wide) in paragraph at lines 701--703
[]\T1/ptm/m/n/10 ISO-8601 in-stant or in-ter-val, e.g. []\T1/zi4/m/n/10 "2024-01-01/2024-12-31" []\T1/ptm/m/n/10 or []\T1/zi4/m/n/10 "2024-01-01/.."[]\T1/ptm/m/n/10 . 

Overfull \hbox (22.8477pt too wide) in paragraph at lines 718--721
[]\T1/ptm/m/n/10 When the server re-turns Geo-J-SON, an []\T1/zi4/m/n/10 sf []\T1/ptm/m/n/10 ob-ject if the []\T1/zi4/m/n/10 sf []\T1/ptm/m/n/10 pack-age is in-stalled, oth-er-wise an []\T1/zi4/m/n/10 edr_response
[13]
Overfull \hbox (21.55923pt too wide) in paragraph at lines 762--765
\T1/ptm/m/n/10 or tidy cov-er-age data from [][][]\T1/zi4/m/n/10 covjson_to_tibble()[][][] []\T1/ptm/m/n/10 / a Cov-er-age-J-SON []\T1/zi4/m/n/10 edr_response[]\T1/ptm/m/n/10 . 
[14]
Overfull \hbox (31.96861pt too wide) in paragraph at lines 827--829
[]\T1/ptm/m/n/10 Named list of ini-tial coverage-map se-lec-tions, e.g. []\T1/zi4/m/n/10 list(parameter = "temperature",
[15]
Overfull \hbox (3.14883pt too wide) in paragraph at lines 877--879
[]\T1/ptm/m/n/10 Collection iden-ti-fier as ad-ver-tised by the server -- e.g. []\T1/zi4/m/n/10 "monitoring-locations"

Overfull \hbox (3.57863pt too wide) in paragraph at lines 890--893
[]\T1/ptm/m/n/10 A tib-ble with one row per pa-ram-e-ter. Columns: []\T1/zi4/m/n/10 id[]\T1/ptm/m/n/10 , []\T1/zi4/m/n/10 name[]\T1/ptm/m/n/10 , []\T1/zi4/m/n/10 description[]\T1/ptm/m/n/10 , []\T1/zi4/m/n/10 unit_symbol[]\T1/ptm/m/n/10 , []\T1/zi4/m/n/10 unit_label[]\T1/ptm/m/n/10 ,

Overfull \hbox (26.22949pt too wide) in paragraph at lines 897--900
[]\T1/ptm/m/n/10 Convenience wrap-per around [][][]\T1/zi4/m/n/10 ggplot2::ggplot()[][][] []\T1/ptm/m/n/10 for the long tib-ble re-turned by [][][]\T1/zi4/m/n/10 covjson_to_tibble()[][][][]\T1/ptm/m/n/10 .

Overfull \hbox (18.25972pt too wide) in paragraph at lines 919--922
[]\T1/ptm/m/n/10 Either a tidy tib-ble from [][][]\T1/zi4/m/n/10 covjson_to_tibble()[][][] []\T1/ptm/m/n/10 or an []\T1/zi4/m/n/10 edr_response []\T1/ptm/m/n/10 / []\T1/zi4/m/n/10 edr_covjson
[16]
Overfull \hbox (12.80832pt too wide) in paragraph at lines 942--946
\T1/ptm/m/n/10 vary-ing []\T1/zi4/m/n/10 z[]\T1/ptm/m/n/10 , and oth-er-wise falls back to a time-series view. Set to []\T1/zi4/m/n/10 "time"[]\T1/ptm/m/n/10 , []\T1/zi4/m/n/10 "profile"[]\T1/ptm/m/n/10 ,
[17]
Overfull \hbox (18.9797pt too wide) in paragraph at lines 998--1000
[]\T1/ptm/m/n/10 ISO-8601 in-stant or in-ter-val, e.g. []\T1/zi4/m/n/10 "2024-01-01/2024-12-31" []\T1/ptm/m/n/10 or []\T1/zi4/m/n/10 "2024-01-01/.."[]\T1/ptm/m/n/10 . 

Overfull \hbox (3.14883pt too wide) in paragraph at lines 1034--1036
[]\T1/ptm/m/n/10 Collection iden-ti-fier as ad-ver-tised by the server -- e.g. []\T1/zi4/m/n/10 "monitoring-locations"
[18]
Overfull \hbox (18.9797pt too wide) in paragraph at lines 1079--1081
[]\T1/ptm/m/n/10 ISO-8601 in-stant or in-ter-val, e.g. []\T1/zi4/m/n/10 "2024-01-01/2024-12-31" []\T1/ptm/m/n/10 or []\T1/zi4/m/n/10 "2024-01-01/.."[]\T1/ptm/m/n/10 . 

Overfull \hbox (20.46819pt too wide) in paragraph at lines 1097--1101
[]\T1/ptm/m/n/10 Generally you should not need to call this di-rectly: the high-level verbs ([][][]\T1/zi4/m/n/10 edr_locations()[][][][]\T1/ptm/m/n/10 , [][][]\T1/zi4/m/n/10 edr_area()[][][][]\T1/ptm/m/n/10 ,
[19]
Overfull \hbox (146.66826pt too wide) in paragraph at lines 1119--1121
[]\T1/ptm/m/n/10 Path un-der the base URL (with or with-out lead-ing slash), e.g. []\T1/zi4/m/n/10 "collections/monitoring-locations/locations"[]\T1/ptm/m/n/10 . 
[20]
Overfull \hbox (18.9797pt too wide) in paragraph at lines 1202--1204
[]\T1/ptm/m/n/10 ISO-8601 in-stant or in-ter-val, e.g. []\T1/zi4/m/n/10 "2024-01-01/2024-12-31" []\T1/ptm/m/n/10 or []\T1/zi4/m/n/10 "2024-01-01/.."[]\T1/ptm/m/n/10 . 
[21] (/private/var/folders/qf/2ppc493d10d9p3ppg6085l9h0000gn/T/RtmpDlHMbV/Rd2pdf15e943011e1d0/Rd2.ind [22]

LaTeX Font Warning: Font shape `T1/zi4/m/it' undefined
(Font)              using `T1/zi4/m/n' instead on input line 15.

[23]) (/private/var/folders/qf/2ppc493d10d9p3ppg6085l9h0000gn/T/RtmpDlHMbV/Rd2pdf15e943011e1d0/Rd2.aux)

LaTeX Font Warning: Some font shapes were not available, defaults substituted.

 )
(see the transcript file for additional information)
pdfTeX warning (dest): name{Rfn.htmlwidgets::saveWidget\(\)} has been referenced but does not exist, replaced by a fixed one


pdfTeX warning (dest): name{Rfn.ggplot2::ggplot\(\)} has been referenced but does not exist, replaced by a fixed one


pdfTeX warning (dest): name{Rfn.leaflet::leaflet} has been referenced but does not exist, replaced by a fixed one

</Users/konda/Library/TinyTeX/texmf-dist/fonts/type1/public/inconsolata/Inconsolata-zi4r.pfb></Users/konda/Library/TinyTeX/texmf-dist/fonts/type1/public/amsfonts/cm/cmsy10.pfb></Users/konda/Library/TinyTeX/texmf-dist/fonts/type1/urw/times/utmb8a.pfb></Users/konda/Library/TinyTeX/texmf-dist/fonts/type1/urw/times/utmr8a.pfb></Users/konda/Library/TinyTeX/texmf-dist/fonts/type1/urw/times/utmr8a.pfb></Users/konda/Library/TinyTeX/texmf-dist/fonts/type1/urw/times/utmri8a.pfb>
Output written on Rd2.pdf (23 pages, 143525 bytes).
Transcript written on Rd2.log.
Saving output to ‘edr4r-manual.pdf’ ...
Done
You may want to clean up by 'rm -Rf /var/folders/qf/2ppc493d10d9p3ppg6085l9h0000gn/T//RtmpDlHMbV/Rd2pdf15e943011e1d0'
